<?xml version="1.0" encoding="UTF-8"?>
<!-- Generated by org.testng.reporters.JUnitXMLReporter -->
<testsuite ignored="2" hostname="and4" failures="0" tests="1" name="Default test" time="0.057" errors="0" timestamp="2022-11-10T18:42:00 IST">
  <testcase classname="sample.SampleTestNG" name="test3" time="0.011"/>
  <testcase classname="sample.SampleTestNG" name="test2" time="0.0">
    <ignored/>
  </testcase> <!-- test2 -->
  <testcase classname="sample.SampleTestNG" name="test1" time="0.0">
    <ignored/>
  </testcase> <!-- test1 -->
</testsuite> <!-- Default test -->
