<?xml version="1.0" encoding="UTF-8"?>
<testng-results ignored="0" total="3" passed="3" failed="0" skipped="0">
  <reporter-output>
    <line>
      <![CDATA[bad]]>
    </line>
    <line>
      <![CDATA[good]]>
    </line>
    <line>
      <![CDATA[good]]>
    </line>
  </reporter-output>
  <suite started-at="2022-11-04T12:11:58 IST" name="Default suite" finished-at="2022-11-04T12:11:58 IST" duration-ms="47">
    <groups>
    </groups>
    <test started-at="2022-11-04T12:11:58 IST" name="Default test" finished-at="2022-11-04T12:11:58 IST" duration-ms="47">
      <class name="sample.SampleTestNG">
        <test-method signature="test2()[pri:-2, instance:sample.SampleTestNG@3e84448c]" started-at="2022-11-04T12:11:58 IST" name="test2" finished-at="2022-11-04T12:11:58 IST" duration-ms="7" status="PASS">
          <reporter-output>
            <line>
              <![CDATA[bad]]>
            </line>
          </reporter-output>
        </test-method> <!-- test2 -->
        <test-method signature="test1()[pri:-1, instance:sample.SampleTestNG@3e84448c]" started-at="2022-11-04T12:11:58 IST" name="test1" finished-at="2022-11-04T12:11:58 IST" duration-ms="1" status="PASS">
          <reporter-output>
            <line>
              <![CDATA[good]]>
            </line>
          </reporter-output>
        </test-method> <!-- test1 -->
        <test-method signature="test1()[pri:-1, instance:sample.SampleTestNG@3e84448c]" started-at="2022-11-04T12:11:58 IST" name="test1" finished-at="2022-11-04T12:11:58 IST" duration-ms="3" status="PASS">
          <reporter-output>
            <line>
              <![CDATA[good]]>
            </line>
          </reporter-output>
        </test-method> <!-- test1 -->
      </class> <!-- sample.SampleTestNG -->
    </test> <!-- Default test -->
  </suite> <!-- Default suite -->
</testng-results>
