<?xml version="1.0" encoding="UTF-8"?>
<testng-results ignored="2" total="3" passed="1" failed="0" skipped="0">
  <reporter-output>
    <line>
      <![CDATA[not bad]]>
    </line>
  </reporter-output>
  <suite started-at="2022-11-10T18:42:00 IST" name="Default suite" finished-at="2022-11-10T18:42:00 IST" duration-ms="57">
    <groups>
    </groups>
    <test started-at="2022-11-10T18:42:00 IST" name="Default test" finished-at="2022-11-10T18:42:00 IST" duration-ms="57">
      <class name="sample.SampleTestNG">
        <test-method signature="test3()[pri:0, instance:sample.SampleTestNG@3e84448c]" started-at="2022-11-10T18:42:00 IST" name="test3" finished-at="2022-11-10T18:42:00 IST" duration-ms="11" status="PASS">
          <reporter-output>
            <line>
              <![CDATA[not bad]]>
            </line>
          </reporter-output>
        </test-method> <!-- test3 -->
      </class> <!-- sample.SampleTestNG -->
    </test> <!-- Default test -->
  </suite> <!-- Default suite -->
</testng-results>
